state 0, Conf: (vict(1, 0) vict(2, 0) vict(3, 0)) ; proc(1, 0, on) proc(2, 0, on) proc(3, 0, on) proc(4, 0, on)
===[ rl (VS:VictSet vict(s L:Nat, J:Nat)) ; PS:ProcSet proc(I:Nat, L:Nat, on) => (VS:VictSet vict(s L:Nat, I:Nat)) ; PS:ProcSet proc(I:Nat, s L:Nat, wait) [label
    wait] . ]===>
state 1, Conf: (vict(1, 1) vict(2, 0) vict(3, 0)) ; proc(1, 1, wait) proc(2, 0, on) proc(3, 0, on) proc(4, 0, on)
===[ rl (VS:VictSet vict(s L:Nat, J:Nat)) ; PS:ProcSet proc(I:Nat, L:Nat, on) => (VS:VictSet vict(s L:Nat, I:Nat)) ; PS:ProcSet proc(I:Nat, s L:Nat, wait) [label
    wait] . ]===>
state 5, Conf: (vict(1, 2) vict(2, 0) vict(3, 0)) ; proc(1, 1, wait) proc(2, 1, wait) proc(3, 0, on) proc(4, 0, on)
===[ rl (VS:VictSet vict(s L:Nat, J:Nat)) ; PS:ProcSet proc(I:Nat, L:Nat, on) => (VS:VictSet vict(s L:Nat, I:Nat)) ; PS:ProcSet proc(I:Nat, s L:Nat, wait) [label
    wait] . ]===>
state 21, Conf: (vict(1, 3) vict(2, 0) vict(3, 0)) ; proc(1, 1, wait) proc(2, 1, wait) proc(3, 1, wait) proc(4, 0, on)
===[ rl (VS:VictSet vict(s L:Nat, J:Nat)) ; PS:ProcSet proc(I:Nat, L:Nat, on) => (VS:VictSet vict(s L:Nat, I:Nat)) ; PS:ProcSet proc(I:Nat, s L:Nat, wait) [label
    wait] . ]===>
state 49, Conf: (vict(1, 4) vict(2, 0) vict(3, 0)) ; proc(1, 1, wait) proc(2, 1, wait) proc(3, 1, wait) proc(4, 1, wait)
===[ crl VS:VictSet ; PS:ProcSet proc(I:Nat, L:Nat, wait) => VS:VictSet ; PS:ProcSet proc(I:Nat, L:Nat, on) if not conflict(I:Nat, L:Nat, VS:VictSet ; PS:ProcSet
    proc(I:Nat, L:Nat, wait)) and L:Nat < @NL = true [label filter] . ]===>
state 93, Conf: (vict(1, 4) vict(2, 0) vict(3, 0)) ; proc(1, 1, on) proc(2, 1, wait) proc(3, 1, wait) proc(4, 1, wait)
===[ crl VS:VictSet ; PS:ProcSet proc(I:Nat, L:Nat, wait) => VS:VictSet ; PS:ProcSet proc(I:Nat, L:Nat, on) if not conflict(I:Nat, L:Nat, VS:VictSet ; PS:ProcSet
    proc(I:Nat, L:Nat, wait)) and L:Nat < @NL = true [label filter] . ]===>
state 162, Conf: (vict(1, 4) vict(2, 0) vict(3, 0)) ; proc(1, 1, on) proc(2, 1, on) proc(3, 1, wait) proc(4, 1, wait)
===[ crl VS:VictSet ; PS:ProcSet proc(I:Nat, L:Nat, wait) => VS:VictSet ; PS:ProcSet proc(I:Nat, L:Nat, on) if not conflict(I:Nat, L:Nat, VS:VictSet ; PS:ProcSet
    proc(I:Nat, L:Nat, wait)) and L:Nat < @NL = true [label filter] . ]===>
state 264, Conf: (vict(1, 4) vict(2, 0) vict(3, 0)) ; proc(1, 1, on) proc(2, 1, on) proc(3, 1, on) proc(4, 1, wait)
===[ rl (VS:VictSet vict(s L:Nat, J:Nat)) ; PS:ProcSet proc(I:Nat, L:Nat, on) => (VS:VictSet vict(s L:Nat, I:Nat)) ; PS:ProcSet proc(I:Nat, s L:Nat, wait) [label
    wait] . ]===>
state 419, Conf: (vict(1, 4) vict(2, 1) vict(3, 0)) ; proc(1, 2, wait) proc(2, 1, on) proc(3, 1, on) proc(4, 1, wait)
===[ rl (VS:VictSet vict(s L:Nat, J:Nat)) ; PS:ProcSet proc(I:Nat, L:Nat, on) => (VS:VictSet vict(s L:Nat, I:Nat)) ; PS:ProcSet proc(I:Nat, s L:Nat, wait) [label
    wait] . ]===>
state 641, Conf: (vict(1, 4) vict(2, 3) vict(3, 0)) ; proc(1, 2, wait) proc(2, 1, on) proc(3, 2, wait) proc(4, 1, wait)
===[ rl (VS:VictSet vict(s L:Nat, J:Nat)) ; PS:ProcSet proc(I:Nat, L:Nat, on) => (VS:VictSet vict(s L:Nat, I:Nat)) ; PS:ProcSet proc(I:Nat, s L:Nat, wait) [label
    wait] . ]===>
state 895, Conf: (vict(1, 4) vict(2, 2) vict(3, 0)) ; proc(1, 2, wait) proc(2, 2, wait) proc(3, 2, wait) proc(4, 1, wait)
===[ crl VS:VictSet ; PS:ProcSet proc(I:Nat, L:Nat, wait) => VS:VictSet ; PS:ProcSet proc(I:Nat, L:Nat, on) if not conflict(I:Nat, L:Nat, VS:VictSet ; PS:ProcSet
    proc(I:Nat, L:Nat, wait)) and L:Nat < @NL = true [label filter] . ]===>
state 1115, Conf: (vict(1, 4) vict(2, 2) vict(3, 0)) ; proc(1, 2, on) proc(2, 2, wait) proc(3, 2, wait) proc(4, 1, wait)
===[ crl VS:VictSet ; PS:ProcSet proc(I:Nat, L:Nat, wait) => VS:VictSet ; PS:ProcSet proc(I:Nat, L:Nat, on) if not conflict(I:Nat, L:Nat, VS:VictSet ; PS:ProcSet
    proc(I:Nat, L:Nat, wait)) and L:Nat < @NL = true [label filter] . ]===>
state 1284, Conf: (vict(1, 4) vict(2, 2) vict(3, 0)) ; proc(1, 2, on) proc(2, 2, wait) proc(3, 2, on) proc(4, 1, wait)
===[ crl VS:VictSet ; PS:ProcSet proc(I:Nat, L:Nat, on) => VS:VictSet ; PS:ProcSet proc(I:Nat, L:Nat, crit) if s L:Nat = @NL [label crit] . ]===>
state 1389, Conf: (vict(1, 4) vict(2, 2) vict(3, 0)) ; proc(1, 2, crit) proc(2, 2, wait) proc(3, 2, on) proc(4, 1, wait)
===[ crl VS:VictSet ; PS:ProcSet proc(I:Nat, L:Nat, on) => VS:VictSet ; PS:ProcSet proc(I:Nat, L:Nat, crit) if s L:Nat = @NL [label crit] . ]===>
state 1454, Conf: (vict(1, 4) vict(2, 2) vict(3, 0)) ; proc(1, 2, crit) proc(2, 2, wait) proc(3, 2, crit) proc(4, 1, wait)
